<?xml version="1.0" encoding="UTF-8"?>
<!-- Generated by org.testng.reporters.JUnitReportReporter -->
<testsuite hostname="CHIKU" failures="0" tests="1" name="bikes.tolunchharley" time="29.005" errors="0" timestamp="2024-05-11T12:55:04 IST" skipped="0">
  <testcase classname="bikes.tolunchharley" name="harley" time="29.005"/>
  <system-out>
    <![CDATA[Harley got exicuted.]]>
  </system-out>
</testsuite> <!-- bikes.tolunchharley -->
