<?xml version="1.0" encoding="UTF-8"?>
<!-- Generated by org.testng.reporters.JUnitReportReporter -->
<testsuite hostname="CHIKU" failures="0" tests="3" name="advanceselenium.dataprovider" time="12.341" errors="0" timestamp="2024-05-19T19:56:29 IST" skipped="0">
  <testcase classname="advanceselenium.dataprovider" name="tologin" time="4.194"/>
  <system-out/>
  <testcase classname="advanceselenium.dataprovider" name="tologin" time="4.243"/>
  <system-out/>
  <testcase classname="advanceselenium.dataprovider" name="tologin" time="3.904"/>
  <system-out/>
</testsuite> <!-- advanceselenium.dataprovider -->
