<?xml version="1.0" encoding="UTF-8"?>
<!-- Generated by org.testng.reporters.JUnitReportReporter -->
<testsuite hostname="CHIKU" failures="0" tests="6" name="advanceselenium.tolearnTestng" time="54.046" errors="0" timestamp="2024-05-11T10:16:06 IST" skipped="0">
  <testcase classname="advanceselenium.tolearnTestng" name="cricbuzz" time="9.292"/>
  <system-out>
    <![CDATA[cricbuzz got tested.]]>
  </system-out>
  <testcase classname="advanceselenium.tolearnTestng" name="cricbuzz" time="27.911"/>
  <system-out>
    <![CDATA[cricbuzz got tested.]]>
  </system-out>
  <testcase classname="advanceselenium.tolearnTestng" name="bascinrubben" time="6.219"/>
  <system-out>
    <![CDATA[bascinrobben tested succesfully.]]>
  </system-out>
  <testcase classname="advanceselenium.tolearnTestng" name="amazon" time="3.653"/>
  <system-out>
    <![CDATA[amazon got tested.]]>
  </system-out>
  <testcase classname="advanceselenium.tolearnTestng" name="amazon" time="3.736"/>
  <system-out>
    <![CDATA[amazon got tested.]]>
  </system-out>
  <testcase classname="advanceselenium.tolearnTestng" name="amazon" time="3.235"/>
  <system-out>
    <![CDATA[amazon got tested.]]>
  </system-out>
</testsuite> <!-- advanceselenium.tolearnTestng -->
