<?xml version="1.0" encoding="UTF-8"?>
<!-- Generated by org.testng.reporters.JUnitReportReporter -->
<testsuite hostname="CHIKU" failures="0" tests="1" name="bikes.tolunchKtm" time="204.969" errors="0" timestamp="2024-05-11T12:41:39 IST" skipped="0">
  <testcase classname="bikes.tolunchKtm" name="ktm" time="204.969"/>
  <system-out>
    <![CDATA[Ktm got exicuted.]]>
  </system-out>
</testsuite> <!-- bikes.tolunchKtm -->
