<?xml version="1.0" encoding="UTF-8"?>
<!-- Generated by org.testng.reporters.JUnitReportReporter -->
<testsuite hostname="CHIKU" failures="0" tests="3" name="advanceselenium.enabled_boolean" time="59.832" errors="0" timestamp="2024-05-11T11:26:30 IST" skipped="1">
  <testcase classname="advanceselenium.enabled_boolean" name="amazon" time="41.008"/>
  <system-out>
    <![CDATA[amazon got tested.]]>
  </system-out>
  <testcase classname="advanceselenium.enabled_boolean" name="cricbuzz" time="18.824"/>
  <system-out>
    <![CDATA[cricbuzz got tested.]]>
  </system-out>
  <testcase classname="advanceselenium.enabled_boolean" name="bascinrubben">
    <skipped/>
  </testcase> <!-- bascinrubben -->
  <system-out/>
</testsuite> <!-- advanceselenium.enabled_boolean -->
