<?xml version="1.0" encoding="UTF-8"?>
<!-- Generated by org.testng.reporters.JUnitReportReporter -->
<testsuite hostname="CHIKU" failures="0" tests="1" name="bikes.tolunchRR310" time="159.031" errors="0" timestamp="2024-05-11T12:41:39 IST" skipped="0">
  <testcase classname="bikes.tolunchRR310" name="RR310" time="159.031"/>
  <system-out>
    <![CDATA[RR310 got exicuted.]]>
  </system-out>
</testsuite> <!-- bikes.tolunchRR310 -->
