<?xml version="1.0" encoding="UTF-8"?>
<!-- Generated by org.testng.reporters.JUnitReportReporter -->
<testsuite hostname="CHIKU" failures="0" tests="6" name="advanceselenium.tolearnTestng" time="44.824" errors="0" timestamp="2024-06-10T13:08:26 IST" skipped="0">
  <testcase classname="advanceselenium.tolearnTestng" name="cricbuzz" time="6.430"/>
  <system-out>
    <![CDATA[cricbuzz got tested.]]>
  </system-out>
  <testcase classname="advanceselenium.tolearnTestng" name="cricbuzz" time="6.174"/>
  <system-out>
    <![CDATA[cricbuzz got tested.]]>
  </system-out>
  <testcase classname="advanceselenium.tolearnTestng" name="bascinrubben" time="8.021"/>
  <system-out>
    <![CDATA[bascinrobben tested succesfully.]]>
  </system-out>
  <testcase classname="advanceselenium.tolearnTestng" name="bascinrubben" time="7.137"/>
  <system-out>
    <![CDATA[bascinrobben tested succesfully.]]>
  </system-out>
  <testcase classname="advanceselenium.tolearnTestng" name="bascinrubben" time="7.961"/>
  <system-out>
    <![CDATA[bascinrobben tested succesfully.]]>
  </system-out>
  <testcase classname="advanceselenium.tolearnTestng" name="amazon" time="9.101"/>
  <system-out>
    <![CDATA[amazon got tested.]]>
  </system-out>
</testsuite> <!-- advanceselenium.tolearnTestng -->
