<?xml version="1.0" encoding="UTF-8"?>
<!-- Generated by org.testng.reporters.JUnitReportReporter -->
<testsuite hostname="CHIKU" failures="0" tests="3" name="advanceselenium.toLearndepewndsonmethods" time="0.012" errors="0" timestamp="2024-05-11T11:44:05 IST" skipped="0">
  <testcase classname="advanceselenium.toLearndepewndsonmethods" name="editacount" time="0.001"/>
  <system-out>
    <![CDATA[Account edited succesfully.]]>
  </system-out>
  <testcase classname="advanceselenium.toLearndepewndsonmethods" name="createaccount" time="0.010"/>
  <system-out>
    <![CDATA[Account created succesfully.]]>
  </system-out>
  <testcase classname="advanceselenium.toLearndepewndsonmethods" name="deletaccount" time="0.001"/>
  <system-out>
    <![CDATA[Acount deleted succesfully.]]>
  </system-out>
</testsuite> <!-- advanceselenium.toLearndepewndsonmethods -->
