<?xml version="1.0" encoding="UTF-8"?>
<!-- Generated by org.testng.reporters.JUnitReportReporter -->
<testsuite hostname="CHIKU" failures="0" tests="1" name="bikes.tolunchRoyalenfield" time="223.858" errors="0" timestamp="2024-05-11T12:41:39 IST" skipped="0">
  <testcase classname="bikes.tolunchRoyalenfield" name="royalenfield" time="223.858"/>
  <system-out>
    <![CDATA[Royalenfield got exicuted.]]>
  </system-out>
</testsuite> <!-- bikes.tolunchRoyalenfield -->
